<?xml version="1.0" encoding="UTF-8"?>
<testsuite name="TestSuite.AllTestSuite" time="23.12" tests="46" errors="2" skipped="0" failures="9">
  <properties>
[...]
</properties>
  <testcase name="loginTest[Login: admin@admin.com Password: 123456 ]" classname="Tests.AccountTests.Login" time="9.003"/>
  <testcase name="getUserData[Login: admin@admin.com Password: 123456 ]" classname="Tests.AccountTests.Login" time="0.829">
    <error type="java.lang.NullPointerException:">java.lang.NullPointerException: null
	at Actions.UserAction.checkEmail(UserAction.java:40)
	at Tests.AccountTests.Login.getUserData(Login.java:39)
</error>
    <system-err><![CDATA[com.fasterxml.jackson.core.JsonParseException: Unexpected character ('<' (code 60)): expected a valid value (number, String, array, object, 'true', 'false' or 'null')
 at [Source: <!DOCTYPE html>
<html>
<head>
    <meta charset="utf-8" />
    <meta name="viewport" content="width=device-width, initial-scale=1.0, user-scalable=no">
    <title>Page Not Found</title>
    <script src='/javascripts/ui/common/google_analytics_scripts.js'></script>
    <link href="https://fonts.googleapis.com/css?family=Roboto+Condensed:400,300,700,600" rel="stylesheet" type="text/css">
    <link rel="shortcut icon" href="/stylesheets/svg/favicon.ico">
    
        <link rel="stylesheet" type='text/css' href="/stylesheets/app.css" />
    
</head>
<body class="missing-page">
    <div class="off-canvas-wrap">
        <div class="inner-wrap">
            <div class="row full-width l-main">
                <div class="large-12 columns no-padding-small-only">
                    <div class="row">
                        <div class="large-12 columns">
                            <div class="column large-8 large-push-2 medium-10 medium-push-1">
                                <div class="not-fou">
                                    <div class="row margin-bottom-3">
                                        <div class="column small-12 medium-push-9 medium-3 heading3">OOPS!</div>
                                        <div class="column small-12 medium-9 medium-pull-3">
                                            <div class="heading1">Sorry, page not found</div>
                                            <div class="heading2">Please check again later or go to <a href="/">Account Page</a>.</div>
                                        </div>
                                    </div>
                                </div>
                            </div>
                        </div>
                    </div>
                </div>
            </div>
        </div>
    </div>
</body>
</html>
; line: 1, column: 2]
	at com.fasterxml.jackson.core.JsonParser._constructError(JsonParser.java:1702)
	at com.fasterxml.jackson.core.base.ParserMinimalBase._reportError(ParserMinimalBase.java:558)
	at com.fasterxml.jackson.core.base.ParserMinimalBase._reportUnexpectedChar(ParserMinimalBase.java:456)
	at com.fasterxml.jackson.core.json.ReaderBasedJsonParser._handleOddValue(ReaderBasedJsonParser.java:1902)
	at com.fasterxml.jackson.core.json.ReaderBasedJsonParser.nextToken(ReaderBasedJsonParser.java:749)
	at com.fasterxml.jackson.databind.ObjectMapper._initForReading(ObjectMapper.java:3825)
	at com.fasterxml.jackson.databind.ObjectMapper._readMapAndClose(ObjectMapper.java:3774)
	at com.fasterxml.jackson.databind.ObjectMapper.readValue(ObjectMapper.java:2833)
	at Services.JsonConverter.getObjectFromFile(JsonConverter.java:16)
	at Actions.UserAction.sendGetUserDataRequest(UserAction.java:34)
	at Tests.AccountTests.Login.getUserData(Login.java:38)
	at sun.reflect.NativeMethodAccessorImpl.invoke0(Native Method)
	at sun.reflect.NativeMethodAccessorImpl.invoke(NativeMethodAccessorImpl.java:62)
	at sun.reflect.DelegatingMethodAccessorImpl.invoke(DelegatingMethodAccessorImpl.java:43)
	at java.lang.reflect.Method.invoke(Method.java:498)
	at org.junit.runners.model.FrameworkMethod$1.runReflectiveCall(FrameworkMethod.java:50)
	at org.junit.internal.runners.model.ReflectiveCallable.run(ReflectiveCallable.java:12)
	at org.junit.runners.model.FrameworkMethod.invokeExplosively(FrameworkMethod.java:47)
	at org.junit.internal.runners.statements.InvokeMethod.evaluate(InvokeMethod.java:17)
	at org.junit.internal.runners.statements.RunAfters.evaluate(RunAfters.java:27)
	at org.junit.runners.ParentRunner.runLeaf(ParentRunner.java:325)
	at org.junit.runners.BlockJUnit4ClassRunner.runChild(BlockJUnit4ClassRunner.java:78)
	at org.junit.runners.BlockJUnit4ClassRunner.runChild(BlockJUnit4ClassRunner.java:57)
	at org.junit.runners.ParentRunner$3.run(ParentRunner.java:290)
	at org.junit.runners.ParentRunner$1.schedule(ParentRunner.java:71)
	at org.junit.runners.ParentRunner.runChildren(ParentRunner.java:288)
	at org.junit.runners.ParentRunner.access$000(ParentRunner.java:58)
	at org.junit.runners.ParentRunner$2.evaluate(ParentRunner.java:268)
	at org.junit.runners.ParentRunner.run(ParentRunner.java:363)
	at org.junit.runners.Suite.runChild(Suite.java:128)
	at org.junit.runners.Suite.runChild(Suite.java:27)
	at org.junit.runners.ParentRunner$3.run(ParentRunner.java:290)
	at org.junit.runners.ParentRunner$1.schedule(ParentRunner.java:71)
	at org.junit.runners.ParentRunner.runChildren(ParentRunner.java:288)
	at org.junit.runners.ParentRunner.access$000(ParentRunner.java:58)
	at org.junit.runners.ParentRunner$2.evaluate(ParentRunner.java:268)
	at org.junit.internal.runners.statements.RunBefores.evaluate(RunBefores.java:26)
	at org.junit.runners.ParentRunner.run(ParentRunner.java:363)
	at org.junit.runners.Suite.runChild(Suite.java:128)
	at org.junit.runners.Suite.runChild(Suite.java:27)
	at org.junit.runners.ParentRunner$3.run(ParentRunner.java:290)
	at org.junit.runners.ParentRunner$1.schedule(ParentRunner.java:71)
	at org.junit.runners.ParentRunner.runChildren(ParentRunner.java:288)
	at org.junit.runners.ParentRunner.access$000(ParentRunner.java:58)
	at org.junit.runners.ParentRunner$2.evaluate(ParentRunner.java:268)
	at org.junit.runners.ParentRunner.run(ParentRunner.java:363)
	at org.junit.runners.Suite.runChild(Suite.java:128)
	at org.junit.runners.Suite.runChild(Suite.java:27)
	at org.junit.runners.ParentRunner$3.run(ParentRunner.java:290)
	at org.junit.runners.ParentRunner$1.schedule(ParentRunner.java:71)
	at org.junit.runners.ParentRunner.runChildren(ParentRunner.java:288)
	at org.junit.runners.ParentRunner.access$000(ParentRunner.java:58)
	at org.junit.runners.ParentRunner$2.evaluate(ParentRunner.java:268)
	at org.junit.runners.ParentRunner.run(ParentRunner.java:363)
	at org.apache.maven.surefire.junit4.JUnit4Provider.execute(JUnit4Provider.java:264)
	at org.apache.maven.surefire.junit4.JUnit4Provider.executeTestSet(JUnit4Provider.java:153)
	at org.apache.maven.surefire.junit4.JUnit4Provider.invoke(JUnit4Provider.java:124)
	at sun.reflect.NativeMethodAccessorImpl.invoke0(Native Method)
	at sun.reflect.NativeMethodAccessorImpl.invoke(NativeMethodAccessorImpl.java:62)
	at sun.reflect.DelegatingMethodAccessorImpl.invoke(DelegatingMethodAccessorImpl.java:43)
	at java.lang.reflect.Method.invoke(Method.java:498)
	at org.apache.maven.surefire.util.ReflectionUtils.invokeMethodWithArray2(ReflectionUtils.java:208)
	at org.apache.maven.surefire.booter.ProviderFactory$ProviderProxy.invoke(ProviderFactory.java:158)
	at org.apache.maven.surefire.booter.ProviderFactory.invokeProvider(ProviderFactory.java:86)
	at org.apache.maven.surefire.booter.ForkedBooter.runSuitesInProcess(ForkedBooter.java:153)
	at org.apache.maven.surefire.booter.ForkedBooter.main(ForkedBooter.java:95)
]]></system-err>
  </testcase>
  <testcase name="loginTest[Login: admin@admin.com Password: 123456 ]" classname="Tests.AccountTests.Login" time="0.107"/>
  <testcase name="getUserData[Login: admin@admin.com Password: 123456 ]" classname="Tests.AccountTests.Login" time="0.351">
    <error type="java.lang.NullPointerException:">java.lang.NullPointerException: null
	at Actions.UserAction.checkEmail(UserAction.java:40)
	at Tests.AccountTests.Login.getUserData(Login.java:39)
</error>
    <system-err><![CDATA[com.fasterxml.jackson.core.JsonParseException: Unexpected character ('<' (code 60)): expected a valid value (number, String, array, object, 'true', 'false' or 'null')
 at [Source: <!DOCTYPE html>
<html>
<head>
    <meta charset="utf-8" />
    <meta name="viewport" content="width=device-width, initial-scale=1.0, user-scalable=no">
    <title>Page Not Found</title>
    <script src='/javascripts/ui/common/google_analytics_scripts.js'></script>
    <link href="https://fonts.googleapis.com/css?family=Roboto+Condensed:400,300,700,600" rel="stylesheet" type="text/css">
    <link rel="shortcut icon" href="/stylesheets/svg/favicon.ico">
    
        <link rel="stylesheet" type='text/css' href="/stylesheets/app.css" />
    
</head>
<body class="missing-page">
    <div class="off-canvas-wrap">
        <div class="inner-wrap">
            <div class="row full-width l-main">
                <div class="large-12 columns no-padding-small-only">
                    <div class="row">
                        <div class="large-12 columns">
                            <div class="column large-8 large-push-2 medium-10 medium-push-1">
                                <div class="not-fou">
                                    <div class="row margin-bottom-3">
                                        <div class="column small-12 medium-push-9 medium-3 heading3">OOPS!</div>
                                        <div class="column small-12 medium-9 medium-pull-3">
                                            <div class="heading1">Sorry, page not found</div>
                                            <div class="heading2">Please check again later or go to <a href="/">Account Page</a>.</div>
                                        </div>
                                    </div>
                                </div>
                            </div>
                        </div>
                    </div>
                </div>
            </div>
        </div>
    </div>
</body>
</html>
; line: 1, column: 2]
	at com.fasterxml.jackson.core.JsonParser._constructError(JsonParser.java:1702)
	at com.fasterxml.jackson.core.base.ParserMinimalBase._reportError(ParserMinimalBase.java:558)
	at com.fasterxml.jackson.core.base.ParserMinimalBase._reportUnexpectedChar(ParserMinimalBase.java:456)
	at com.fasterxml.jackson.core.json.ReaderBasedJsonParser._handleOddValue(ReaderBasedJsonParser.java:1902)
	at com.fasterxml.jackson.core.json.ReaderBasedJsonParser.nextToken(ReaderBasedJsonParser.java:749)
	at com.fasterxml.jackson.databind.ObjectMapper._initForReading(ObjectMapper.java:3825)
	at com.fasterxml.jackson.databind.ObjectMapper._readMapAndClose(ObjectMapper.java:3774)
	at com.fasterxml.jackson.databind.ObjectMapper.readValue(ObjectMapper.java:2833)
	at Services.JsonConverter.getObjectFromFile(JsonConverter.java:16)
	at Actions.UserAction.sendGetUserDataRequest(UserAction.java:34)
	at Tests.AccountTests.Login.getUserData(Login.java:38)
	at sun.reflect.NativeMethodAccessorImpl.invoke0(Native Method)
	at sun.reflect.NativeMethodAccessorImpl.invoke(NativeMethodAccessorImpl.java:62)
	at sun.reflect.DelegatingMethodAccessorImpl.invoke(DelegatingMethodAccessorImpl.java:43)
	at java.lang.reflect.Method.invoke(Method.java:498)
	at org.junit.runners.model.FrameworkMethod$1.runReflectiveCall(FrameworkMethod.java:50)
	at org.junit.internal.runners.model.ReflectiveCallable.run(ReflectiveCallable.java:12)
	at org.junit.runners.model.FrameworkMethod.invokeExplosively(FrameworkMethod.java:47)
	at org.junit.internal.runners.statements.InvokeMethod.evaluate(InvokeMethod.java:17)
	at org.junit.internal.runners.statements.RunAfters.evaluate(RunAfters.java:27)
	at org.junit.runners.ParentRunner.runLeaf(ParentRunner.java:325)
	at org.junit.runners.BlockJUnit4ClassRunner.runChild(BlockJUnit4ClassRunner.java:78)
	at org.junit.runners.BlockJUnit4ClassRunner.runChild(BlockJUnit4ClassRunner.java:57)
	at org.junit.runners.ParentRunner$3.run(ParentRunner.java:290)
	at org.junit.runners.ParentRunner$1.schedule(ParentRunner.java:71)
	at org.junit.runners.ParentRunner.runChildren(ParentRunner.java:288)
	at org.junit.runners.ParentRunner.access$000(ParentRunner.java:58)
	at org.junit.runners.ParentRunner$2.evaluate(ParentRunner.java:268)
	at org.junit.runners.ParentRunner.run(ParentRunner.java:363)
	at org.junit.runners.Suite.runChild(Suite.java:128)
	at org.junit.runners.Suite.runChild(Suite.java:27)
	at org.junit.runners.ParentRunner$3.run(ParentRunner.java:290)
	at org.junit.runners.ParentRunner$1.schedule(ParentRunner.java:71)
	at org.junit.runners.ParentRunner.runChildren(ParentRunner.java:288)
	at org.junit.runners.ParentRunner.access$000(ParentRunner.java:58)
	at org.junit.runners.ParentRunner$2.evaluate(ParentRunner.java:268)
	at org.junit.internal.runners.statements.RunBefores.evaluate(RunBefores.java:26)
	at org.junit.runners.ParentRunner.run(ParentRunner.java:363)
	at org.junit.runners.Suite.runChild(Suite.java:128)
	at org.junit.runners.Suite.runChild(Suite.java:27)
	at org.junit.runners.ParentRunner$3.run(ParentRunner.java:290)
	at org.junit.runners.ParentRunner$1.schedule(ParentRunner.java:71)
	at org.junit.runners.ParentRunner.runChildren(ParentRunner.java:288)
	at org.junit.runners.ParentRunner.access$000(ParentRunner.java:58)
	at org.junit.runners.ParentRunner$2.evaluate(ParentRunner.java:268)
	at org.junit.runners.ParentRunner.run(ParentRunner.java:363)
	at org.junit.runners.Suite.runChild(Suite.java:128)
	at org.junit.runners.Suite.runChild(Suite.java:27)
	at org.junit.runners.ParentRunner$3.run(ParentRunner.java:290)
	at org.junit.runners.ParentRunner$1.schedule(ParentRunner.java:71)
	at org.junit.runners.ParentRunner.runChildren(ParentRunner.java:288)
	at org.junit.runners.ParentRunner.access$000(ParentRunner.java:58)
	at org.junit.runners.ParentRunner$2.evaluate(ParentRunner.java:268)
	at org.junit.runners.ParentRunner.run(ParentRunner.java:363)
	at org.apache.maven.surefire.junit4.JUnit4Provider.execute(JUnit4Provider.java:264)
	at org.apache.maven.surefire.junit4.JUnit4Provider.executeTestSet(JUnit4Provider.java:153)
	at org.apache.maven.surefire.junit4.JUnit4Provider.invoke(JUnit4Provider.java:124)
	at sun.reflect.NativeMethodAccessorImpl.invoke0(Native Method)
	at sun.reflect.NativeMethodAccessorImpl.invoke(NativeMethodAccessorImpl.java:62)
	at sun.reflect.DelegatingMethodAccessorImpl.invoke(DelegatingMethodAccessorImpl.java:43)
	at java.lang.reflect.Method.invoke(Method.java:498)
	at org.apache.maven.surefire.util.ReflectionUtils.invokeMethodWithArray2(ReflectionUtils.java:208)
	at org.apache.maven.surefire.booter.ProviderFactory$ProviderProxy.invoke(ProviderFactory.java:158)
	at org.apache.maven.surefire.booter.ProviderFactory.invokeProvider(ProviderFactory.java:86)
	at org.apache.maven.surefire.booter.ForkedBooter.runSuitesInProcess(ForkedBooter.java:153)
	at org.apache.maven.surefire.booter.ForkedBooter.main(ForkedBooter.java:95)
]]></system-err>
  </testcase>
  <testcase name="checkZone[Shape number: 828 900]" classname="Tests.CalculationTests.BuildingTests.BuildingTests" time="1.914"/>
  <testcase name="checkZoneCodes[Shape number: 828 900]" classname="Tests.CalculationTests.ProjectTests.ProjectGeneralInformationTests" time="1.788">
    <failure message="&#10;Expected: one of {&quot;Copy of Miami For Auto Test&quot;}&#10;     but: was &quot;Miami&quot;" type="java.lang.AssertionError">java.lang.AssertionError: 
Expected: one of {"Copy of Miami For Auto Test"}
     but: was "Miami"
	at org.hamcrest.MatcherAssert.assertThat(MatcherAssert.java:20)
	at org.hamcrest.MatcherAssert.assertThat(MatcherAssert.java:8)
	at Actions.ProjectCreationAction.checkZoneCodeName(ProjectCreationAction.java:76)
	at Tests.CalculationTests.ProjectTests.ProjectGeneralInformationTests.checkZoneCodes(ProjectGeneralInformationTests.java:35)
</failure>
    <system-out>Deleting Project... 
Project 5277 is deleted
Project Creation
</system-out>
  </testcase>
  <testcase name="checkProjectOwner[Shape number: 828 900]" classname="Tests.CalculationTests.ProjectTests.ProjectGeneralInformationTests" time="0.002">
    <failure message="&#10;Expected: &lt;163&gt;&#10;     but: was &lt;15&gt;" type="java.lang.AssertionError"><![CDATA[java.lang.AssertionError: 
Expected: <163>
     but: was <15>
	at org.hamcrest.MatcherAssert.assertThat(MatcherAssert.java:20)
	at org.hamcrest.MatcherAssert.assertThat(MatcherAssert.java:8)
	at Actions.ProjectCreationAction.checkProjectOwner(ProjectCreationAction.java:65)
	at Tests.CalculationTests.ProjectTests.ProjectGeneralInformationTests.checkProjectOwner(ProjectGeneralInformationTests.java:29)
]]></failure>
  </testcase>
  <testcase name="checkProjectName[Shape number: 828 900]" classname="Tests.CalculationTests.ProjectTests.ProjectGeneralInformationTests" time="0.001">
    <failure message="&#10;Expected: equalToIgnoringWhiteSpace(&quot;Project 4&quot;)&#10;     but: was  Project 1" type="java.lang.AssertionError">java.lang.AssertionError: 
Expected: equalToIgnoringWhiteSpace("Project 4")
     but: was  Project 1
	at org.hamcrest.MatcherAssert.assertThat(MatcherAssert.java:20)
	at org.hamcrest.MatcherAssert.assertThat(MatcherAssert.java:8)
	at Actions.ProjectCreationAction.checkProjectName(ProjectCreationAction.java:60)
	at Tests.CalculationTests.ProjectTests.ProjectGeneralInformationTests.checkProjectName(ProjectGeneralInformationTests.java:23)
</failure>
  </testcase>
  <testcase name="lotCoverageTest[Shape number: 828 900]" classname="Tests.CalculationTests.BuildingTests.ZoningAllowenceTests.MaximumLotCapacityTests" time="1.813"/>
  <testcase name="maxBuildingAreaAllowed[Shape number: 828 900]" classname="Tests.CalculationTests.BuildingTests.ZoningAllowenceTests.MaximumLotCapacityTests" time="0.001"/>
  <testcase name="dwellingUnitsAllowedTest[Shape number: 828 900]" classname="Tests.CalculationTests.BuildingTests.ZoningAllowenceTests.MaximumLotCapacityTests" time="0"/>
  <testcase name="floorAreaRatio[Shape number: 828 900]" classname="Tests.CalculationTests.BuildingTests.ZoningAllowenceTests.MaximumLotCapacityTests" time="0"/>
  <testcase name="minOpenSpaceTest[Shape number: 828 900]" classname="Tests.CalculationTests.BuildingTests.ZoningAllowenceTests.MaximumLotCapacityTests" time="0"/>
  <testcase name="maxOfficeHeightAllowed[Shape number: 828 900]" classname="Tests.CalculationTests.BuildingTests.ZoningAllowenceTests.MaximumLotCapacityTests" time="0"/>
  <testcase name="checkMaxCommercialEstablishedArea[Shape number: 828 900]" classname="Tests.CalculationTests.BuildingTests.ZoningAllowenceTests.MaximumLotCapacityTests" time="0"/>
  <testcase name="maximumBuiltAreaTest[Shape number: 828 900]" classname="Tests.CalculationTests.BuildingTests.ZoningAllowenceTests.MaximumLotCapacityTests" time="0"/>
  <testcase name="lotAreaInAcresTest[Shape number: 828 900]" classname="Tests.CalculationTests.BuildingTests.ZoningAllowenceTests.MaximumLotCapacityTests" time="0"/>
  <testcase name="lotAreaPRCalculation[Shape number: 828 900]" classname="Tests.CalculationTests.BuildingTests.ZoningAllowenceTests.MaximumLotCapacityTests" time="0"/>
  <testcase name="dwellingUnitsperAcreTest[Shape number: 828 900]" classname="Tests.CalculationTests.BuildingTests.ZoningAllowenceTests.MaximumLotCapacityTests" time="0.005"/>
  <testcase name="maxCommercialAreaAllowed[Shape number: 828 900]" classname="Tests.CalculationTests.BuildingTests.ZoningAllowenceTests.MaximumLotCapacityTests" time="0"/>
  <testcase name="maxCommercialHeight[Shape number: 828 900]" classname="Tests.CalculationTests.BuildingTests.ZoningAllowenceTests.MaximumLotCapacityTests" time="0"/>
  <testcase name="principalBuildingMinHeightPodiumTest[Shape number: 828 900]" classname="Tests.CalculationTests.BuildingTests.ZoningAllowenceTests.MaximumLotCapacityTests" time="0"/>
  <testcase name="principalBuildingMaxHeightPodiumTest[Shape number: 828 900]" classname="Tests.CalculationTests.BuildingTests.ZoningAllowenceTests.MaximumLotCapacityTests" time="0"/>
  <testcase name="principalTowerHeight[Shape number: 828 900]" classname="Tests.CalculationTests.BuildingTests.ZoningAllowenceTests.MaximumLotCapacityTests" time="0"/>
  <testcase name="usesFromCalibrationsWithoutVariancesTest[Shape number: 828 900]" classname="Tests.CalculationTests.BuildingTests.ZoningAllowenceTests.UsesTest" time="1.819"/>
  <testcase name="usesFromCalibrationsTest[Shape number: 828 900]" classname="Tests.CalculationTests.BuildingTests.ZoningAllowenceTests.UsesTest" time="0.001"/>
  <testcase name="usesFromOriginalCalibrationsTest[Shape number: 828 900]" classname="Tests.CalculationTests.BuildingTests.ZoningAllowenceTests.UsesTest" time="0.002"/>
  <testcase name="checkAllowedFrontageTypeCalibrations[Shape number: 828 900]" classname="Tests.CalculationTests.BuildingTests.ZoningAllowenceTests.AllowedFrontageTypesTests" time="1.823"/>
  <testcase name="checkBuildingTypologyIdsTest[Shape number: 828 900]" classname="Tests.CalculationTests.BuildingTests.ZoningAllowenceTests.ZoningAllowancesTests" time="1.818"/>
  <testcase name="checkDepth[Shape number: 828 900]" classname="Tests.CalculationTests.BuildingTests.ZoningAllowenceTests.ZoningAllowancesTests" time="0"/>
  <testcase name="checkWidth[Shape number: 828 900]" classname="Tests.CalculationTests.BuildingTests.ZoningAllowenceTests.ZoningAllowancesTests" time="0"/>
  <testcase name="checkZoneTypeIdTest[Shape number: 828 900]" classname="Tests.CalculationTests.BuildingTests.ZoningAllowenceTests.ZoningAllowancesTests" time="0.002">
    <failure message="&#10;Expected: is &lt;268&gt;&#10;     but: was &lt;3&gt;" type="java.lang.AssertionError"><![CDATA[java.lang.AssertionError: 
Expected: is <268>
     but: was <3>
	at org.hamcrest.MatcherAssert.assertThat(MatcherAssert.java:20)
	at org.hamcrest.MatcherAssert.assertThat(MatcherAssert.java:8)
	at Services.MyAssertation.assertThatIs(MyAssertation.java:52)
	at Actions.BuildingActions.ZoningAllowanceActions.ZoningAllowancesActions.checkZoneTypeId(ZoningAllowancesActions.java:47)
	at Tests.CalculationTests.BuildingTests.ZoningAllowenceTests.ZoningAllowancesTests.checkZoneTypeIdTest(ZoningAllowancesTests.java:36)
]]></failure>
  </testcase>
  <testcase name="checkSubZoneIdTest[Shape number: 828 900]" classname="Tests.CalculationTests.BuildingTests.ZoningAllowenceTests.ZoningAllowancesTests" time="0.001">
    <failure message="&#10;Expected: is &lt;1936&gt;&#10;     but: was &lt;10&gt;" type="java.lang.AssertionError"><![CDATA[java.lang.AssertionError: 
Expected: is <1936>
     but: was <10>
	at org.hamcrest.MatcherAssert.assertThat(MatcherAssert.java:20)
	at org.hamcrest.MatcherAssert.assertThat(MatcherAssert.java:8)
	at Services.MyAssertation.assertThatIs(MyAssertation.java:52)
	at Actions.BuildingActions.ZoningAllowanceActions.ZoningAllowancesActions.checkSubZoneId(ZoningAllowancesActions.java:52)
	at Tests.CalculationTests.BuildingTests.ZoningAllowenceTests.ZoningAllowancesTests.checkSubZoneIdTest(ZoningAllowancesTests.java:43)
]]></failure>
  </testcase>
  <testcase name="checkHeightLimitValue[Shape number: 828 900]" classname="Tests.CalculationTests.BuildingTests.ZoningAllowenceTests.ZoningAllowancesTests" time="0.003"/>
  <testcase name="checkZoneIdTest[Shape number: 828 900]" classname="Tests.CalculationTests.BuildingTests.ZoningAllowenceTests.ZoningAllowancesTests" time="0.001">
    <failure message="&#10;Expected: is &lt;2088&gt;&#10;     but: was &lt;5&gt;" type="java.lang.AssertionError"><![CDATA[java.lang.AssertionError: 
Expected: is <2088>
     but: was <5>
	at org.hamcrest.MatcherAssert.assertThat(MatcherAssert.java:20)
	at org.hamcrest.MatcherAssert.assertThat(MatcherAssert.java:8)
	at Services.MyAssertation.assertThatIs(MyAssertation.java:52)
	at Actions.BuildingActions.ZoningAllowanceActions.ZoningAllowancesActions.checkZoneId(ZoningAllowancesActions.java:42)
	at Tests.CalculationTests.BuildingTests.ZoningAllowenceTests.ZoningAllowancesTests.checkZoneIdTest(ZoningAllowancesTests.java:29)
]]></failure>
  </testcase>
  <testcase name="checkOverlayIdsTest[Shape number: 828 900]" classname="Tests.CalculationTests.BuildingTests.ZoningAllowenceTests.ZoningAllowancesTests" time="0.004">
    <failure message="&#10;Expected: is &lt;[[5062]&gt;&#10;     but: was &lt;[[4]&gt;" type="java.lang.AssertionError"><![CDATA[java.lang.AssertionError: 
Expected: is <[[5062]>
     but: was <[[4]>
	at org.hamcrest.MatcherAssert.assertThat(MatcherAssert.java:20)
	at org.hamcrest.MatcherAssert.assertThat(MatcherAssert.java:8)
	at Actions.BuildingActions.ZoningAllowanceActions.ZoningAllowancesActions.checkOverlayList(ZoningAllowancesActions.java:73)
	at Tests.CalculationTests.BuildingTests.ZoningAllowenceTests.ZoningAllowancesTests.checkOverlayIdsTest(ZoningAllowancesTests.java:60)
]]></failure>
  </testcase>
  <testcase name="checkIrregularArea[Shape number: 828 900]" classname="Tests.CalculationTests.BuildingTests.ZoningAllowenceTests.ZoningAllowancesTests" time="0.001"/>
  <testcase name="checkVariancesIdTest[Shape number: 828 900]" classname="Tests.CalculationTests.BuildingTests.ZoningAllowenceTests.ZoningAllowancesTests" time="0.001">
    <failure message="&#10;Expected: is &lt;[[889, 888, 890, 891, 892, 894, 895, 897, 899, 900, 901, 902, 898]&gt;&#10;     but: was &lt;[[32, 694, 31, 33, 34, 35, 40, 100, 744]&gt;" type="java.lang.AssertionError"><![CDATA[java.lang.AssertionError: 
Expected: is <[[889, 888, 890, 891, 892, 894, 895, 897, 899, 900, 901, 902, 898]>
     but: was <[[32, 694, 31, 33, 34, 35, 40, 100, 744]>
	at org.hamcrest.MatcherAssert.assertThat(MatcherAssert.java:20)
	at org.hamcrest.MatcherAssert.assertThat(MatcherAssert.java:8)
	at Actions.BuildingActions.ZoningAllowanceActions.ZoningAllowancesActions.checkVariancesList(ZoningAllowancesActions.java:66)
	at Tests.CalculationTests.BuildingTests.ZoningAllowenceTests.ZoningAllowancesTests.checkVariancesIdTest(ZoningAllowancesTests.java:53)
]]></failure>
  </testcase>
  <testcase name="checkIsIrregular[Shape number: 828 900]" classname="Tests.CalculationTests.BuildingTests.ZoningAllowenceTests.ZoningAllowancesTests" time="0"/>
  <testcase name="checkZoningCodeIdTest[Shape number: 828 900]" classname="Tests.CalculationTests.BuildingTests.ZoningAllowenceTests.ZoningAllowancesTests" time="0">
    <failure message="&#10;Expected: is &lt;205&gt;&#10;     but: was &lt;1&gt;" type="java.lang.AssertionError"><![CDATA[java.lang.AssertionError: 
Expected: is <205>
     but: was <1>
	at org.hamcrest.MatcherAssert.assertThat(MatcherAssert.java:20)
	at org.hamcrest.MatcherAssert.assertThat(MatcherAssert.java:8)
	at Services.MyAssertation.assertThatIs(MyAssertation.java:52)
	at Actions.BuildingActions.ZoningAllowanceActions.ZoningAllowancesActions.checkZoningCodeId(ZoningAllowancesActions.java:37)
	at Tests.CalculationTests.BuildingTests.ZoningAllowenceTests.ZoningAllowancesTests.checkZoningCodeIdTest(ZoningAllowancesTests.java:22)
]]></failure>
  </testcase>
  <testcase name="checkIrregularFrontage[Shape number: 828 900]" classname="Tests.CalculationTests.BuildingTests.ZoningAllowenceTests.ZoningAllowancesTests" time="0.001"/>
  <testcase name="checkHeightLimit[Shape number: 828 900]" classname="Tests.CalculationTests.BuildingTests.ZoningAllowenceTests.ZoningAllowancesTests" time="0"/>
  <testcase name="checkFrontageTypeTest[Shape number: 828 900]" classname="Tests.CalculationTests.BuildingTests.ZoningAllowenceTests.FrontagesTests" time="1.829"/>
  <testcase name="checkSetbacksTest[Shape number: 828 900]" classname="Tests.CalculationTests.BuildingTests.ZoningAllowenceTests.FrontagesTests" time="0"/>
  <testcase name="checkFrontageNumberTest[Shape number: 828 900]" classname="Tests.CalculationTests.BuildingTests.ZoningAllowenceTests.FrontagesTests" time="0"/>
  <testcase name="checkZone[Shape number: 828 900]" classname="Tests.CalculationTests.BuildingTests.ZoningAllowenceTests.FrontagesTests" time="0"/>
</testsuite>