-------------------------------------------------------------------------------
Test set: TestSuite.AllTestSuite
-------------------------------------------------------------------------------
Tests run: 46, Failures: 9, Errors: 2, Skipped: 0, Time elapsed: 30.29 sec <<< FAILURE!
getUserData[Login: admin@admin.com Password: 123456 ](Tests.AccountTests.Login)  Time elapsed: 0.829 sec  <<< ERROR!
java.lang.NullPointerException: null
	at Actions.UserAction.checkEmail(UserAction.java:40)
	at Tests.AccountTests.Login.getUserData(Login.java:39)

getUserData[Login: admin@admin.com Password: 123456 ](Tests.AccountTests.Login)  Time elapsed: 0.351 sec  <<< ERROR!
java.lang.NullPointerException: null
	at Actions.UserAction.checkEmail(UserAction.java:40)
	at Tests.AccountTests.Login.getUserData(Login.java:39)

checkZoneCodes[Shape number: 828 900](Tests.CalculationTests.ProjectTests.ProjectGeneralInformationTests)  Time elapsed: 1.788 sec  <<< FAILURE!
java.lang.AssertionError: 
Expected: one of {"Copy of Miami For Auto Test"}
     but: was "Miami"
	at org.hamcrest.MatcherAssert.assertThat(MatcherAssert.java:20)
	at org.hamcrest.MatcherAssert.assertThat(MatcherAssert.java:8)
	at Actions.ProjectCreationAction.checkZoneCodeName(ProjectCreationAction.java:76)
	at Tests.CalculationTests.ProjectTests.ProjectGeneralInformationTests.checkZoneCodes(ProjectGeneralInformationTests.java:35)

checkProjectOwner[Shape number: 828 900](Tests.CalculationTests.ProjectTests.ProjectGeneralInformationTests)  Time elapsed: 0.002 sec  <<< FAILURE!
java.lang.AssertionError: 
Expected: <163>
     but: was <15>
	at org.hamcrest.MatcherAssert.assertThat(MatcherAssert.java:20)
	at org.hamcrest.MatcherAssert.assertThat(MatcherAssert.java:8)
	at Actions.ProjectCreationAction.checkProjectOwner(ProjectCreationAction.java:65)
	at Tests.CalculationTests.ProjectTests.ProjectGeneralInformationTests.checkProjectOwner(ProjectGeneralInformationTests.java:29)

checkProjectName[Shape number: 828 900](Tests.CalculationTests.ProjectTests.ProjectGeneralInformationTests)  Time elapsed: 0.001 sec  <<< FAILURE!
java.lang.AssertionError: 
Expected: equalToIgnoringWhiteSpace("Project 4")
     but: was  Project 1
	at org.hamcrest.MatcherAssert.assertThat(MatcherAssert.java:20)
	at org.hamcrest.MatcherAssert.assertThat(MatcherAssert.java:8)
	at Actions.ProjectCreationAction.checkProjectName(ProjectCreationAction.java:60)
	at Tests.CalculationTests.ProjectTests.ProjectGeneralInformationTests.checkProjectName(ProjectGeneralInformationTests.java:23)

checkZoneTypeIdTest[Shape number: 828 900](Tests.CalculationTests.BuildingTests.ZoningAllowenceTests.ZoningAllowancesTests)  Time elapsed: 0.002 sec  <<< FAILURE!
java.lang.AssertionError: 
Expected: is <268>
     but: was <3>
	at org.hamcrest.MatcherAssert.assertThat(MatcherAssert.java:20)
	at org.hamcrest.MatcherAssert.assertThat(MatcherAssert.java:8)
	at Services.MyAssertation.assertThatIs(MyAssertation.java:52)
	at Actions.BuildingActions.ZoningAllowanceActions.ZoningAllowancesActions.checkZoneTypeId(ZoningAllowancesActions.java:47)
	at Tests.CalculationTests.BuildingTests.ZoningAllowenceTests.ZoningAllowancesTests.checkZoneTypeIdTest(ZoningAllowancesTests.java:36)

checkSubZoneIdTest[Shape number: 828 900](Tests.CalculationTests.BuildingTests.ZoningAllowenceTests.ZoningAllowancesTests)  Time elapsed: 0.001 sec  <<< FAILURE!
java.lang.AssertionError: 
Expected: is <1936>
     but: was <10>
	at org.hamcrest.MatcherAssert.assertThat(MatcherAssert.java:20)
	at org.hamcrest.MatcherAssert.assertThat(MatcherAssert.java:8)
	at Services.MyAssertation.assertThatIs(MyAssertation.java:52)
	at Actions.BuildingActions.ZoningAllowanceActions.ZoningAllowancesActions.checkSubZoneId(ZoningAllowancesActions.java:52)
	at Tests.CalculationTests.BuildingTests.ZoningAllowenceTests.ZoningAllowancesTests.checkSubZoneIdTest(ZoningAllowancesTests.java:43)

checkZoneIdTest[Shape number: 828 900](Tests.CalculationTests.BuildingTests.ZoningAllowenceTests.ZoningAllowancesTests)  Time elapsed: 0.001 sec  <<< FAILURE!
java.lang.AssertionError: 
Expected: is <2088>
     but: was <5>
	at org.hamcrest.MatcherAssert.assertThat(MatcherAssert.java:20)
	at org.hamcrest.MatcherAssert.assertThat(MatcherAssert.java:8)
	at Services.MyAssertation.assertThatIs(MyAssertation.java:52)
	at Actions.BuildingActions.ZoningAllowanceActions.ZoningAllowancesActions.checkZoneId(ZoningAllowancesActions.java:42)
	at Tests.CalculationTests.BuildingTests.ZoningAllowenceTests.ZoningAllowancesTests.checkZoneIdTest(ZoningAllowancesTests.java:29)

checkOverlayIdsTest[Shape number: 828 900](Tests.CalculationTests.BuildingTests.ZoningAllowenceTests.ZoningAllowancesTests)  Time elapsed: 0.004 sec  <<< FAILURE!
java.lang.AssertionError: 
Expected: is <[[5062]>
     but: was <[[4]>
	at org.hamcrest.MatcherAssert.assertThat(MatcherAssert.java:20)
	at org.hamcrest.MatcherAssert.assertThat(MatcherAssert.java:8)
	at Actions.BuildingActions.ZoningAllowanceActions.ZoningAllowancesActions.checkOverlayList(ZoningAllowancesActions.java:73)
	at Tests.CalculationTests.BuildingTests.ZoningAllowenceTests.ZoningAllowancesTests.checkOverlayIdsTest(ZoningAllowancesTests.java:60)

checkVariancesIdTest[Shape number: 828 900](Tests.CalculationTests.BuildingTests.ZoningAllowenceTests.ZoningAllowancesTests)  Time elapsed: 0.001 sec  <<< FAILURE!
java.lang.AssertionError: 
Expected: is <[[889, 888, 890, 891, 892, 894, 895, 897, 899, 900, 901, 902, 898]>
     but: was <[[32, 694, 31, 33, 34, 35, 40, 100, 744]>
	at org.hamcrest.MatcherAssert.assertThat(MatcherAssert.java:20)
	at org.hamcrest.MatcherAssert.assertThat(MatcherAssert.java:8)
	at Actions.BuildingActions.ZoningAllowanceActions.ZoningAllowancesActions.checkVariancesList(ZoningAllowancesActions.java:66)
	at Tests.CalculationTests.BuildingTests.ZoningAllowenceTests.ZoningAllowancesTests.checkVariancesIdTest(ZoningAllowancesTests.java:53)

checkZoningCodeIdTest[Shape number: 828 900](Tests.CalculationTests.BuildingTests.ZoningAllowenceTests.ZoningAllowancesTests)  Time elapsed: 0 sec  <<< FAILURE!
java.lang.AssertionError: 
Expected: is <205>
     but: was <1>
	at org.hamcrest.MatcherAssert.assertThat(MatcherAssert.java:20)
	at org.hamcrest.MatcherAssert.assertThat(MatcherAssert.java:8)
	at Services.MyAssertation.assertThatIs(MyAssertation.java:52)
	at Actions.BuildingActions.ZoningAllowanceActions.ZoningAllowancesActions.checkZoningCodeId(ZoningAllowancesActions.java:37)
	at Tests.CalculationTests.BuildingTests.ZoningAllowenceTests.ZoningAllowancesTests.checkZoningCodeIdTest(ZoningAllowancesTests.java:22)

